 depth   	pore    	k	    vsh	vca     rc 	sw     swi	
 1350.000	    1.00	     .01	   35.00	     .00	     .01	  100.00	  100.00	
 1350.125	    1.00	     .01	   35.00	     .00	     .01	  100.00	  100.00	
 1350.250	    1.00	     .01	   35.00	     .00	     .01	  100.00	  100.00	
 1350.375	    1.00	     .01	   35.00	     .00	     .01	  100.00	  100.00	
 1350.500	    1.00	     .01	   35.00	     .00	     .01	  100.00	  100.00	
 1350.625	    1.00	     .01	   35.00	     .00	     .01	  100.00	  100.00	
 1350.750	    1.00	     .01	   35.00	     .00	     .01	  100.00	  100.00	
 1350.875	    1.00	     .01	   35.00	     .00	     .01	  100.00	  100.00	
 1351.000	    1.00	     .01	   35.00	     .00	     .01	  100.00	  100.00	
 1351.125	    1.00	     .01	   35.00	     .00	     .01	  100.00	  100.00	
 1351.250	    1.00	     .01	   35.00	     .00	     .01	  100.00	  100.00	
 1351.375	    1.00	     .01	   35.00	     .00	     .01	  100.00	  100.00	
 1351.500	    1.00	     .01	   35.00	     .00	     .01	  100.00	  100.00	
 1351.625	    1.00	     .01	   35.00	     .00	     .01	  100.00	  100.00	
 1351.750	    1.00	     .01	   35.00	     .00	     .01	  100.00	  100.00	
 1351.875	    1.00	     .01	   35.00	     .00	     .01	  100.00	  100.00	
 1352.000	    1.00	     .01	   35.00	     .00	     .01	  100.00	  100.00	
 1352.125	    1.00	     .01	   35.00	     .00	     .01	  100.00	  100.00	
 1352.250	    1.00	     .01	   35.00	     .00	     .01	  100.00	  100.00	
 1352.375	    1.00	     .01	   35.00	     .00	     .01	  100.00	  100.00	
 1352.500	    1.00	     .01	   35.00	     .00	     .01	  100.00	  100.00	
 1352.625	    1.00	     .01	   35.00	     .00	     .01	  100.00	  100.00	
 1352.750	    1.00	     .01	   35.00	     .00	     .01	  100.00	  100.00	
 1352.875	    1.00	     .01	   35.00	     .00	     .01	  100.00	  100.00	
 1353.000	    1.00	     .01	   35.00	     .00	     .01	  100.00	  100.00	
 1353.125	    1.00	     .01	   35.00	     .00	     .01	  100.00	  100.00	
 1353.250	    1.00	     .01	   35.00	     .00	     .01	  100.00	  100.00	
 1353.375	    1.00	     .01	   35.00	     .00	     .01	  100.00	  100.00	
 1353.500	    1.00	     .01	   35.00	     .00	     .01	  100.00	  100.00	
 1353.625	    1.00	     .01	   35.00	     .00	     .01	  100.00	  100.00	
 1353.750	    1.00	     .01	   35.00	     .00	     .01	  100.00	  100.00	
 1353.875	    1.00	     .01	   35.00	     .00	     .01	  100.00	  100.00	
 1354.000	    1.00	     .01	   35.00	     .00	     .01	  100.00	  100.00	
 1354.125	    1.00	     .01	   35.00	     .00	     .01	  100.00	  100.00	
 1354.250	    1.00	     .01	   35.00	     .00	     .01	  100.00	  100.00	
 1354.375	    1.00	     .01	   35.00	     .00	     .01	  100.00	  100.00	
 1354.500	    1.00	     .01	   35.00	     .00	     .01	  100.00	  100.00	
 1354.625	    1.00	     .01	   35.00	     .00	     .01	  100.00	  100.00	
 1354.750	    1.00	     .01	   35.00	     .00	     .01	  100.00	  100.00	
 1354.875	    1.00	     .01	   35.00	     .00	     .01	  100.00	  100.00	
 1355.000	    1.00	     .01	   35.00	     .00	     .01	  100.00	  100.00	
 1355.125	    1.00	     .01	   35.00	     .00	     .01	  100.00	  100.00	
 1355.250	    1.00	     .01	   35.00	     .00	     .01	  100.00	  100.00	
 1355.375	    1.00	     .01	   35.00	     .00	     .01	  100.00	  100.00	
 1355.500	    1.00	     .01	   35.00	     .00	     .01	  100.00	  100.00	
 1355.625	    1.00	     .01	   35.00	     .00	     .01	  100.00	  100.00	
 1355.750	    1.00	     .01	   35.00	     .00	     .01	  100.00	  100.00	
 1355.875	    1.00	     .01	   35.00	     .00	     .01	  100.00	  100.00	
 1356.000	    1.00	     .01	   35.00	     .00	     .01	  100.00	  100.00	
 1356.125	    1.00	     .01	   35.00	     .00	     .01	  100.00	  100.00	
 1356.250	    1.00	     .01	   35.00	     .00	     .01	  100.00	  100.00	
 1356.375	    1.00	     .01	   35.00	     .00	     .01	  100.00	  100.00	
 1356.500	    1.00	     .01	   35.00	     .00	     .01	  100.00	  100.00	
 1356.625	    1.00	     .01	   35.00	     .00	     .01	  100.00	  100.00	
 1356.750	    1.00	     .01	   35.00	     .00	     .01	  100.00	  100.00	
 1356.875	    1.00	     .01	   35.00	     .00	     .01	  100.00	  100.00	
 1357.000	    1.00	     .01	   35.00	     .00	     .01	  100.00	  100.00	
 1357.125	    1.00	     .01	   35.00	     .00	     .01	  100.00	  100.00	
 1357.250	    1.00	     .01	   35.00	     .00	     .01	  100.00	  100.00	
 1357.375	    1.00	     .01	   35.00	     .00	     .01	  100.00	  100.00	
 1357.500	    1.00	     .01	   35.00	     .00	     .01	  100.00	  100.00	
 1357.625	    1.00	     .01	   35.00	     .00	     .01	  100.00	  100.00	
 1357.750	    1.00	     .01	   35.00	     .00	     .01	  100.00	  100.00	
 1357.875	    1.00	     .01	   35.00	     .00	     .01	  100.00	  100.00	
 1358.000	    1.00	     .01	   35.00	     .00	     .01	  100.00	  100.00	
 1358.125	    1.00	     .01	   35.00	     .00	     .01	  100.00	  100.00	
 1358.250	    1.00	     .01	   35.00	     .00	     .01	  100.00	  100.00	
 1358.375	    1.00	     .01	   35.00	     .00	     .01	  100.00	  100.00	
 1358.500	    1.00	     .01	   35.00	     .00	     .01	  100.00	  100.00	
 1358.625	    1.00	     .01	   35.00	     .00	     .01	  100.00	  100.00	
 1358.750	    1.00	     .01	   35.00	     .00	     .01	  100.00	  100.00	
 1358.875	    1.00	     .01	   35.00	     .00	     .01	  100.00	  100.00	
 1359.000	    1.00	     .01	   35.00	     .00	     .01	  100.00	  100.00	
 1359.125	    1.00	     .01	   35.00	     .00	     .01	  100.00	  100.00	
 1359.250	    1.00	     .01	   35.00	     .00	     .01	  100.00	  100.00	
 1359.375	    1.00	     .01	   35.00	     .00	     .01	  100.00	  100.00	
 1359.500	    1.00	     .01	   35.00	     .00	     .01	  100.00	  100.00	
 1359.625	    1.00	     .01	   35.00	     .00	     .01	  100.00	  100.00	
 1359.750	    1.00	     .01	   35.00	     .00	     .01	  100.00	  100.00	
 1359.875	    1.00	     .01	   35.00	     .00	     .01	  100.00	  100.00	
 1360.000	    1.00	     .01	   35.00	     .00	     .01	  100.00	  100.00	
 1360.125	    1.00	     .01	   35.00	     .00	     .01	  100.00	  100.00	
 1360.250	    1.00	     .01	   35.00	     .00	     .01	  100.00	  100.00	
 1360.375	    1.00	     .01	   35.00	     .00	     .01	  100.00	  100.00	
 1360.500	    1.00	     .01	   35.00	     .00	     .01	  100.00	  100.00	
 1360.625	    1.00	     .01	   35.00	     .00	     .01	  100.00	  100.00	
 1360.750	    1.00	     .01	   35.00	     .00	     .01	  100.00	  100.00	
 1360.875	    1.00	     .01	   35.00	     .00	     .01	  100.00	  100.00	
 1361.000	    1.00	     .01	   35.00	     .00	     .01	  100.00	  100.00	
 1361.125	    1.00	     .01	   35.00	     .00	     .01	  100.00	  100.00	
 1361.250	    1.00	     .01	   35.00	     .00	     .01	  100.00	  100.00	
 1361.375	    1.00	     .01	   35.00	     .00	     .01	  100.00	  100.00	
 1361.500	    1.00	     .01	   35.00	     .00	     .01	  100.00	  100.00	
 1361.625	    1.00	     .01	   35.00	     .00	     .01	  100.00	  100.00	
 1361.750	    1.00	     .01	   35.00	     .00	     .01	  100.00	  100.00	
 1361.875	    1.00	     .01	   35.00	     .00	     .01	  100.00	  100.00	
 1362.000	    1.00	     .01	   35.00	     .00	     .01	  100.00	  100.00	
 1362.125	    1.00	     .01	   35.00	     .00	     .01	  100.00	  100.00	
 1362.250	    1.00	     .01	   35.00	     .00	     .01	  100.00	  100.00	
 1362.375	    1.00	     .01	   35.00	     .00	     .01	  100.00	  100.00	
 1362.500	    1.00	     .01	   35.00	     .00	     .01	  100.00	  100.00	
 1362.625	    1.00	     .01	   35.00	     .00	     .01	  100.00	  100.00	
 1362.750	    1.00	     .01	   35.00	     .00	     .01	  100.00	  100.00	
 1362.875	    1.00	     .01	   35.00	     .00	     .01	  100.00	  100.00	
 1363.000	    1.00	     .01	   35.00	     .00	     .01	  100.00	  100.00	
 1363.125	    1.00	     .01	   35.00	     .00	     .01	  100.00	  100.00	
 1363.250	    1.00	     .01	   35.00	     .00	     .01	  100.00	  100.00	
 1363.375	    1.00	     .01	   35.00	     .00	     .01	  100.00	  100.00	
 1363.500	    1.00	     .01	   35.00	     .00	     .01	  100.00	  100.00	
 1363.625	    1.00	     .01	   35.00	     .00	     .01	  100.00	  100.00	
 1363.750	    1.00	     .01	   35.00	     .00	     .01	  100.00	  100.00	
 1363.875	    1.00	     .01	   35.00	     .00	     .01	  100.00	  100.00	
 1364.000	    1.00	     .01	   35.00	     .00	     .01	  100.00	  100.00	
 1364.125	    1.00	     .01	   35.00	     .00	     .01	  100.00	  100.00	
 1364.250	    1.00	     .01	   35.00	     .00	     .01	  100.00	  100.00	
 1364.375	    1.00	     .01	   35.00	     .00	     .01	  100.00	  100.00	
 1364.500	    1.00	     .01	   35.00	     .00	     .01	  100.00	  100.00	
 1364.625	    1.00	     .01	   35.00	     .00	     .01	  100.00	  100.00	
 1364.750	    1.00	     .01	   35.00	     .00	     .01	  100.00	  100.00	
 1364.875	    1.00	     .01	   35.00	     .00	     .01	  100.00	  100.00	
 1365.000	    1.00	     .01	   35.00	     .00	     .01	  100.00	  100.00	
 1365.125	    1.00	     .01	   35.00	     .00	     .01	  100.00	  100.00	
 1365.250	    1.00	     .01	   35.00	     .00	     .01	  100.00	  100.00	
 1365.375	    1.00	     .01	   35.00	     .00	     .01	  100.00	  100.00	
 1365.500	    1.00	     .01	   35.00	     .00	     .01	  100.00	  100.00	
 1365.625	    1.00	     .01	   35.00	     .00	     .01	  100.00	  100.00	
 1365.750	    1.00	     .01	   35.00	     .00	     .01	  100.00	  100.00	
 1365.875	    1.00	     .01	   35.00	     .00	     .01	  100.00	  100.00	
 1366.000	    1.00	     .01	   35.00	     .00	     .01	  100.00	  100.00	
 1366.125	    1.00	     .01	   35.00	     .00	     .01	  100.00	  100.00	
 1366.250	    1.00	     .01	   35.00	     .00	     .01	  100.00	  100.00	
 1366.375	    1.00	     .01	   35.00	     .00	     .01	  100.00	  100.00	
 1366.500	    1.00	     .01	   35.00	     .00	     .01	  100.00	  100.00	
 1366.625	    1.00	     .01	   35.00	     .00	     .01	  100.00	  100.00	
 1366.750	    1.00	     .01	   35.00	     .00	     .01	  100.00	  100.00	
 1366.875	    1.00	     .01	   35.00	     .00	     .01	  100.00	  100.00	
 1367.000	    1.00	     .01	   35.00	     .00	     .01	  100.00	  100.00	
 1367.125	    1.00	     .01	   35.00	     .00	     .01	  100.00	  100.00	
 1367.250	    1.00	     .01	   35.00	     .00	     .01	  100.00	  100.00	
 1367.375	    1.00	     .01	   35.00	     .00	     .01	  100.00	  100.00	
 1367.500	    1.00	     .01	   35.00	     .00	     .01	  100.00	  100.00	
 1367.625	    1.00	     .01	   35.00	     .00	     .01	  100.00	  100.00	
 1367.750	    1.00	     .01	   35.00	     .00	     .01	  100.00	  100.00	
 1367.875	    1.00	     .01	   35.00	     .00	     .01	  100.00	  100.00	
 1368.000	    1.00	     .01	   35.00	     .00	     .01	  100.00	  100.00	
 1368.125	    1.00	     .01	   35.00	     .00	     .01	  100.00	  100.00	
 1368.250	    1.00	     .01	   35.00	     .00	     .01	  100.00	  100.00	
 1368.375	    1.00	     .01	   35.00	     .00	     .01	  100.00	  100.00	
 1368.500	    1.00	     .01	   35.00	     .00	     .01	  100.00	  100.00	
 1368.625	    1.00	     .01	   35.00	     .00	     .01	  100.00	  100.00	
 1368.750	    1.00	     .01	   35.00	     .00	     .01	  100.00	  100.00	
 1368.875	    1.00	     .01	   35.00	     .00	     .01	  100.00	  100.00	
 1369.000	    1.00	     .01	   35.00	     .00	     .01	  100.00	  100.00	
 1369.125	    1.00	     .01	   35.00	     .00	     .01	  100.00	  100.00	
 1369.250	    1.00	     .01	   35.00	     .00	     .01	  100.00	  100.00	
 1369.375	    1.00	     .01	   35.00	     .00	     .01	  100.00	  100.00	
 1369.500	    1.00	     .01	   35.00	     .00	     .01	  100.00	  100.00	
 1369.625	    1.00	     .01	   35.00	     .00	     .01	  100.00	  100.00	
 1369.750	    1.00	     .01	   35.00	     .00	     .01	  100.00	   85.65	
 1369.875	   14.82	     .42	   16.43	    5.62	     .01	  100.00	  100.00	
 1370.000	   12.49	     .83	   14.82	    5.33	     .01	  100.00	  100.00	
 1370.125	   16.04	    1.43	   16.69	    5.04	     .01	  100.00	   98.47	
 1370.250	   17.49	    1.46	   17.23	    3.14	     .01	   98.50	   91.20	
 1370.375	   17.19	    1.60	   16.82	    3.69	     .01	   94.34	   91.75	
 1370.500	   15.25	    1.23	   16.04	    6.48	     .01	  100.00	  100.00	
 1370.625	   14.58	    1.18	   15.91	    7.43	     .01	  100.00	  100.00	
 1370.750	   14.61	    1.19	   16.33	    7.40	     .01	  100.00	  100.00	
 1370.875	   15.60	    1.81	   16.81	    3.76	     .01	  100.00	   98.04	
 1371.000	   19.89	    2.19	   14.83	     .13	     .01	   83.66	   62.99	
 1371.125	    1.00	     .01	   35.00	     .00	     .01	  100.00	   87.66	
 1371.250	    1.00	     .01	   35.00	     .00	     .01	  100.00	  100.00	
 1371.375	    1.00	     .01	   35.00	     .00	     .01	  100.00	  100.00	
 1371.500	    1.00	     .01	   35.00	     .00	     .01	  100.00	  100.00	
 1371.625	    1.00	     .01	   35.00	     .00	     .01	  100.00	  100.00	
 1371.750	    1.00	     .01	   35.00	     .00	     .01	  100.00	  100.00	
 1371.875	    1.00	     .01	   35.00	     .00	     .01	  100.00	  100.00	
 1372.000	    1.00	     .01	   35.00	     .00	     .01	  100.00	  100.00	
 1372.125	    1.00	     .01	   35.00	     .00	     .01	  100.00	  100.00	
 1372.250	    1.00	     .01	   35.00	     .00	     .01	  100.00	  100.00	
 1372.375	    1.00	     .01	   35.00	     .00	     .01	  100.00	  100.00	
 1372.500	    1.00	     .01	   35.00	     .00	     .01	  100.00	  100.00	
 1372.625	    1.00	     .01	   35.00	     .00	     .01	  100.00	  100.00	
 1372.750	    1.00	     .01	   35.00	     .00	     .01	  100.00	  100.00	
 1372.875	    1.00	     .01	   35.00	     .00	     .01	  100.00	  100.00	
 1373.000	    1.00	     .01	   35.00	     .00	     .01	  100.00	  100.00	
 1373.125	    1.00	     .01	   35.00	     .00	     .01	  100.00	  100.00	
 1373.250	    1.00	     .01	   35.00	     .00	     .01	  100.00	  100.00	
 1373.375	    1.00	     .01	   35.00	     .00	     .01	  100.00	  100.00	
 1373.500	    1.00	     .01	   35.00	     .00	     .01	  100.00	  100.00	
 1373.625	    1.00	     .01	   35.00	     .00	     .01	  100.00	  100.00	
 1373.750	    1.00	     .01	   35.00	     .00	     .01	  100.00	  100.00	
 1373.875	    1.00	     .01	   35.00	     .00	     .01	  100.00	  100.00	
 1374.000	    1.00	     .01	   35.00	     .00	     .01	  100.00	  100.00	
 1374.125	    1.00	     .01	   35.00	     .00	     .01	  100.00	  100.00	
 1374.250	    1.00	     .01	   35.00	     .00	     .01	  100.00	  100.00	
 1374.375	    1.00	     .01	   35.00	     .00	     .01	  100.00	  100.00	
 1374.500	    1.00	     .01	   35.00	     .00	     .01	  100.00	  100.00	
 1374.625	    1.00	     .01	   35.00	     .00	     .01	  100.00	  100.00	
 1374.750	    1.00	     .01	   35.00	     .00	     .01	  100.00	  100.00	
 1374.875	    1.00	     .01	   35.00	     .00	     .01	  100.00	  100.00	
 1375.000	    1.00	     .01	   35.00	     .00	     .01	  100.00	  100.00	
 1375.125	    1.00	     .01	   35.00	     .00	     .01	  100.00	  100.00	
 1375.250	    1.00	     .01	   35.00	     .00	     .01	  100.00	  100.00	
 1375.375	    1.00	     .01	   35.00	     .00	     .01	  100.00	  100.00	
 1375.500	    1.00	     .01	   35.00	     .00	     .01	  100.00	  100.00	
 1375.625	    1.00	     .01	   35.00	     .00	     .01	  100.00	  100.00	
 1375.750	    1.00	     .01	   35.00	     .00	     .01	  100.00	  100.00	
 1375.875	    1.00	     .01	   35.00	     .00	     .01	  100.00	  100.00	
 1376.000	    1.00	     .01	   35.00	     .00	     .01	  100.00	  100.00	
 1376.125	    1.00	     .01	   35.00	     .00	     .01	  100.00	  100.00	
 1376.250	    1.00	     .01	   35.00	     .00	     .01	  100.00	  100.00	
 1376.375	    1.00	     .01	   35.00	     .00	     .01	  100.00	  100.00	
 1376.500	    1.00	     .01	   35.00	     .00	     .01	  100.00	  100.00	
 1376.625	    1.00	     .01	   35.00	     .00	     .01	  100.00	  100.00	
 1376.750	    1.00	     .01	   35.00	     .00	     .01	  100.00	  100.00	
 1376.875	    1.00	     .01	   35.00	     .00	     .01	  100.00	  100.00	
 1377.000	    1.00	     .01	   35.00	     .00	     .01	  100.00	  100.00	
 1377.125	    1.00	     .01	   35.00	     .00	     .01	  100.00	  100.00	
 1377.250	    1.00	     .01	   35.00	     .00	     .01	  100.00	  100.00	
 1377.375	    1.00	     .01	   35.00	     .00	     .01	  100.00	  100.00	
 1377.500	    1.00	     .01	   35.00	     .00	     .01	  100.00	  100.00	
 1377.625	    1.00	     .01	   35.00	     .00	     .01	  100.00	  100.00	
 1377.750	    1.00	     .01	   35.00	     .00	     .01	  100.00	   79.86	
 1377.875	   19.49	    2.62	   15.99	     .38	     .01	  100.00	   52.99	
 1378.000	   19.47	    5.22	   15.22	     .51	     .01	  100.00	   39.52	
 1378.125	   19.40	    8.77	   13.53	     .94	     .01	  100.00	   39.50	
 1378.250	   19.33	   15.30	   11.64	    1.55	     .01	  100.00	   39.43	
 1378.375	   19.98	   27.43	   10.32	    1.57	     .01	  100.00	   36.86	
 1378.500	   21.14	   45.89	    9.62	     .89	     .01	   99.36	   32.61	
 1378.625	   21.75	   61.22	    9.44	     .57	     .01	   94.69	   30.49	
 1378.750	   22.27	   78.05	    9.33	     .35	     .01	   90.53	   28.84	
 1378.875	   22.77	   94.23	    9.31	     .16	     .01	   88.29	   27.46	
 1379.000	   22.98	  101.07	    9.41	     .08	     .01	   87.09	   26.89	
 1379.125	   22.99	  103.46	    9.42	     .05	     .01	   86.17	   26.81	
 1379.250	   23.19	  113.56	    9.32	     .06	     .01	   83.69	   26.37	
 1379.375	   23.36	  123.48	    9.30	     .19	     .01	   81.88	   26.07	
 1379.500	   23.80	  146.55	    9.09	     .38	     .01	   81.61	   25.23	
 1379.625	   23.78	  148.54	    9.14	     .45	     .01	   85.57	   25.41	
 1379.750	   23.16	  117.81	    9.53	     .34	     .01	   91.23	   26.93	
 1379.875	   22.50	   97.20	    9.76	     .38	     .01	   95.66	   28.47	
 1380.000	   22.38	   97.96	    9.56	     .49	     .01	  100.00	   28.67	
 1380.125	   23.19	  123.56	    9.25	     .17	     .01	   92.43	   26.46	
 1380.250	   23.46	  136.44	    9.17	     .18	     .01	   83.31	   25.58	
 1380.375	   23.89	  161.23	    8.98	     .30	     .01	   76.06	   24.57	
 1380.500	   24.07	  170.82	    8.94	     .44	     .01	   72.72	   24.21	
 1380.625	   24.10	  170.24	    8.94	     .46	     .01	   73.58	   24.25	
 1380.750	   23.79	  146.09	    9.18	     .34	     .01	   78.51	   25.09	
 1380.875	   23.24	  116.30	    9.49	     .28	     .01	   84.97	   26.59	
 1381.000	   22.42	   80.34	    9.97	     .21	     .01	   93.67	   28.94	
 1381.125	   21.86	   58.44	   11.01	     .23	     .01	   98.70	   30.91	
 1381.250	   21.36	   33.98	   11.75	     .09	     .01	  100.00	   32.88	
 1381.375	   20.81	   17.00	   17.74	     .04	     .01	  100.00	   56.03	
 1381.500	    1.00	     .01	   35.00	     .00	     .01	  100.00	   85.34	
 1381.625	    1.00	     .01	   35.00	     .00	     .01	  100.00	  100.00	
 1381.750	    1.00	     .01	   35.00	     .00	     .01	  100.00	  100.00	
 1381.875	    1.00	     .01	   35.00	     .00	     .01	  100.00	  100.00	
 1382.000	    1.00	     .01	   35.00	     .00	     .01	  100.00	  100.00	
 1382.125	    1.00	     .01	   35.00	     .00	     .01	  100.00	  100.00	
 1382.250	    1.00	     .01	   35.00	     .00	     .01	  100.00	  100.00	
 1382.375	    1.00	     .01	   35.00	     .00	     .01	  100.00	  100.00	
 1382.500	    1.00	     .01	   35.00	     .00	     .01	  100.00	  100.00	
 1382.625	    1.00	     .01	   35.00	     .00	     .01	  100.00	  100.00	
 1382.750	    1.00	     .01	   35.00	     .00	     .01	  100.00	  100.00	
 1382.875	    1.00	     .01	   35.00	     .00	     .01	  100.00	  100.00	
 1383.000	    1.00	     .01	   35.00	     .00	     .01	  100.00	  100.00	
 1383.125	    1.00	     .01	   35.00	     .00	     .01	  100.00	  100.00	
 1383.250	    1.00	     .01	   35.00	     .00	     .01	  100.00	  100.00	
 1383.375	    1.00	     .01	   35.00	     .00	     .01	  100.00	  100.00	
 1383.500	    1.00	     .01	   35.00	     .00	     .01	  100.00	  100.00	
 1383.625	    1.00	     .01	   35.00	     .00	     .01	  100.00	  100.00	
 1383.750	    1.00	     .01	   35.00	     .00	     .01	  100.00	  100.00	
 1383.875	    1.00	     .01	   35.00	     .00	     .01	  100.00	  100.00	
 1384.000	    1.00	     .01	   35.00	     .00	     .01	  100.00	  100.00	
 1384.125	    1.00	     .01	   35.00	     .00	     .01	  100.00	  100.00	
 1384.250	    1.00	     .01	   35.00	     .00	     .01	  100.00	  100.00	
 1384.375	    1.00	     .01	   35.00	     .00	     .01	  100.00	  100.00	
 1384.500	    1.00	     .01	   35.00	     .00	     .01	  100.00	  100.00	
 1384.625	    1.00	     .01	   35.00	     .00	     .01	  100.00	  100.00	
 1384.750	    1.00	     .01	   35.00	     .00	     .01	  100.00	  100.00	
 1384.875	    1.00	     .01	   35.00	     .00	     .01	  100.00	  100.00	
 1385.000	    1.00	     .01	   35.00	     .00	     .01	  100.00	  100.00	
 1385.125	    1.00	     .01	   35.00	     .00	     .01	  100.00	  100.00	
 1385.250	    1.00	     .01	   35.00	     .00	     .01	  100.00	  100.00	
 1385.375	    1.00	     .01	   35.00	     .00	     .01	  100.00	  100.00	
 1385.500	    1.00	     .01	   35.00	     .00	     .01	  100.00	  100.00	
 1385.625	    1.00	     .01	   35.00	     .00	     .01	  100.00	  100.00	
 1385.750	    1.00	     .01	   35.00	     .00	     .01	  100.00	  100.00	
 1385.875	    1.00	     .01	   35.00	     .00	     .01	  100.00	  100.00	
 1386.000	    1.00	     .01	   35.00	     .00	     .01	  100.00	  100.00	
 1386.125	    1.00	     .01	   35.00	     .00	     .01	  100.00	  100.00	
 1386.250	    1.00	     .01	   35.00	     .00	     .01	  100.00	  100.00	
 1386.375	    1.00	     .01	   35.00	     .00	     .01	  100.00	  100.00	
 1386.500	    1.00	     .01	   35.00	     .00	     .01	  100.00	  100.00	
 1386.625	    1.00	     .01	   35.00	     .00	     .01	  100.00	  100.00	
 1386.750	    1.00	     .01	   35.00	     .00	     .01	  100.00	  100.00	
 1386.875	    1.00	     .01	   35.00	     .00	     .01	  100.00	  100.00	
 1387.000	    1.00	     .01	   35.00	     .00	     .01	  100.00	  100.00	
 1387.125	    1.00	     .01	   35.00	     .00	     .01	  100.00	  100.00	
 1387.250	    1.00	     .01	   35.00	     .00	     .01	  100.00	  100.00	
 1387.375	    1.00	     .01	   35.00	     .00	     .01	  100.00	  100.00	
 1387.500	    1.00	     .01	   35.00	     .00	     .01	  100.00	  100.00	
 1387.625	    1.00	     .01	   35.00	     .00	     .01	  100.00	  100.00	
 1387.750	    1.00	     .01	   35.00	     .00	     .01	  100.00	  100.00	
 1387.875	    1.00	     .01	   35.00	     .00	     .01	  100.00	  100.00	
 1388.000	    1.00	     .01	   35.00	     .00	     .01	  100.00	  100.00	
 1388.125	    1.00	     .01	   35.00	     .00	     .01	  100.00	  100.00	
 1388.250	    1.00	     .01	   35.00	     .00	     .01	  100.00	  100.00	
 1388.375	    1.00	     .01	   35.00	     .00	     .01	  100.00	  100.00	
 1388.500	    1.00	     .01	   35.00	     .00	     .01	  100.00	  100.00	
 1388.625	    1.00	     .01	   35.00	     .00	     .01	  100.00	  100.00	
 1388.750	    1.00	     .01	   35.00	     .00	     .01	  100.00	   78.37	
 1388.875	   20.29	   17.79	    9.74	     .15	     .01	  100.00	   47.77	
 1389.000	   21.74	   35.57	    9.41	     .30	     .01	  100.00	   35.41	
 1389.125	   22.15	   59.07	    9.11	     .33	     .01	  100.00	   28.63	
 1389.250	   22.79	   84.61	    8.90	     .13	     .01	   97.90	   26.77	
 1389.375	   22.91	   98.86	    8.64	     .15	     .01	   88.40	   26.33	
 1389.500	   22.87	  103.69	    8.42	     .20	     .01	   81.72	   26.40	
 1389.625	   22.83	   92.81	    8.67	     .17	     .01	   81.47	   26.70	
 1389.750	   22.69	   67.13	    9.37	     .12	     .01	   89.71	   27.56	
 1389.875	   22.26	   37.11	   10.59	     .17	     .01	   96.89	   28.98	
 1390.000	   22.09	   18.56	   10.59	     .19	     .01	   98.33	   53.22	
 1390.125	    1.00	     .01	   35.00	     .00	     .01	  100.00	   84.41	
 1390.250	    1.00	     .01	   35.00	     .00	     .01	  100.00	  100.00	
 1390.375	    1.00	     .01	   35.00	     .00	     .01	  100.00	  100.00	
 1390.500	    1.00	     .01	   35.00	     .00	     .01	  100.00	  100.00	
 1390.625	    1.00	     .01	   35.00	     .00	     .01	  100.00	  100.00	
 1390.750	    1.00	     .01	   35.00	     .00	     .01	  100.00	  100.00	
 1390.875	    1.00	     .01	   35.00	     .00	     .01	  100.00	  100.00	
 1391.000	    1.00	     .01	   35.00	     .00	     .01	  100.00	  100.00	
 1391.125	    1.00	     .01	   35.00	     .00	     .01	  100.00	  100.00	
 1391.250	    1.00	     .01	   35.00	     .00	     .01	  100.00	  100.00	
 1391.375	    1.00	     .01	   35.00	     .00	     .01	  100.00	  100.00	
 1391.500	    1.00	     .01	   35.00	     .00	     .01	  100.00	  100.00	
 1391.625	    1.00	     .01	   35.00	     .00	     .01	  100.00	  100.00	
 1391.750	    1.00	     .01	   35.00	     .00	     .01	  100.00	  100.00	
 1391.875	    1.00	     .01	   35.00	     .00	     .01	  100.00	  100.00	
 1392.000	    1.00	     .01	   35.00	     .00	     .01	  100.00	  100.00	
 1392.125	    1.00	     .01	   35.00	     .00	     .01	  100.00	   80.35	
 1392.250	   18.93	    8.22	   11.28	    2.51	     .01	  100.00	   56.69	
 1392.375	   17.18	    8.57	    9.27	    5.02	     .01	  100.00	   48.66	
 1392.500	   17.71	   17.89	    8.66	    5.14	     .01	  100.00	   45.70	
 1392.625	   19.06	   33.44	    8.77	    3.56	     .01	  100.00	   39.25	
 1392.750	   20.37	   55.24	    8.98	    2.23	     .01	  100.00	   34.19	
 1392.875	   21.63	   81.37	    9.10	    1.12	     .01	  100.00	   29.99	
 1393.000	   22.38	  109.75	    9.04	     .66	     .01	  100.00	   27.64	
 1393.125	   23.09	  147.74	    8.91	     .36	     .01	  100.00	   25.78	
 1393.250	   23.81	  195.61	    8.74	     .16	     .01	  100.00	   24.14	
 1393.375	   24.00	  213.20	    8.63	     .12	     .01	  100.00	   23.64	
 1393.500	   23.86	  207.46	    8.55	     .17	     .01	  100.00	   23.86	
 1393.625	   23.51	  182.30	    8.53	     .35	     .01	  100.00	   24.55	
 1393.750	   23.30	  164.26	    8.54	     .48	     .01	  100.00	   24.99	
 1393.875	   23.27	  163.92	    8.44	     .55	     .01	  100.00	   25.06	
 1394.000	   23.41	  170.36	    8.41	     .49	     .01	  100.00	   24.76	
 1394.125	   23.44	  174.82	    8.35	     .50	     .01	  100.00	   24.68	
 1394.250	   23.33	  177.20	    8.28	     .63	     .01	   98.92	   24.84	
 1394.375	   23.70	  203.85	    8.34	     .46	     .01	   94.35	   24.13	
 1394.500	   24.29	  244.38	    8.44	     .20	     .01	   89.03	   23.09	
 1394.625	   24.37	  257.78	    8.41	     .17	     .01	   86.99	   23.11	
 1394.750	   23.96	  232.58	    8.39	     .29	     .01	   92.68	   24.19	
 1394.875	   22.68	  166.46	    8.35	    1.21	     .01	   99.84	   27.60	
 1395.000	   21.40	  115.43	    8.31	    2.13	     .01	  100.00	   31.32	
 1395.125	   20.81	   95.60	    8.32	    2.71	     .01	  100.00	   33.34	
 1395.250	   22.15	  114.35	    8.51	    1.12	     .01	  100.00	   28.92	
 1395.375	   22.22	  113.58	    8.46	    1.02	     .01	  100.00	   28.47	
 1395.500	   21.76	   99.79	    8.30	    1.40	     .01	   97.22	   29.36	
 1395.625	   21.28	   88.29	    8.16	    1.90	     .01	   96.96	   30.53	
 1395.750	   20.98	   82.63	    8.03	    2.25	     .01	   99.47	   31.30	
 1395.875	   20.97	   82.77	    8.00	    2.26	     .01	  100.00	   31.33	
 1396.000	   21.27	   90.03	    8.03	    1.94	     .01	  100.00	   30.55	
 1396.125	   21.71	   99.09	    8.15	    1.43	     .01	   98.93	   29.40	
 1396.250	   21.68	   96.23	    8.17	    1.42	     .01	   99.69	   29.56	
 1396.375	   21.15	   81.91	    8.11	    1.94	     .01	  100.00	   31.12	
 1396.500	   20.35	   62.49	    7.97	    2.79	     .01	  100.00	   33.55	
 1396.625	   20.06	   54.71	    7.81	    3.11	     .01	   99.96	   34.57	
 1396.750	   20.26	   52.38	    7.85	    2.75	     .01	  100.00	   34.04	
 1396.875	   20.20	   46.52	    8.14	    2.54	     .01	  100.00	   34.58	
 1397.000	   19.52	   31.65	    8.68	    2.91	     .01	  100.00	   37.49	
 1397.125	   18.48	   21.70	    8.73	    4.01	     .01	  100.00	   41.65	
 1397.250	   18.51	   19.20	    8.63	    4.06	     .01	  100.00	   41.70	
 1397.375	   19.57	   22.55	    8.80	    2.73	     .01	  100.00	   37.39	
 1397.500	   20.57	   26.53	    9.19	    1.47	     .01	  100.00	   33.92	
 1397.625	   20.75	   25.15	    9.60	    1.02	     .01	  100.00	   33.30	
 1397.750	   20.45	   20.41	   10.04	    1.01	     .01	  100.00	   34.48	
 1397.875	   19.86	   15.15	   10.27	    1.34	     .01	  100.00	   36.81	
 1398.000	   19.24	    9.27	   10.34	    1.81	     .01	  100.00	   39.42	
 1398.125	   18.84	    4.64	   11.48	    1.58	     .01	  100.00	   60.29	
 1398.250	    1.00	     .01	   35.00	     .00	     .01	  100.00	   86.76	
 1398.375	    1.00	     .01	   35.00	     .00	     .01	  100.00	  100.00	
 1398.500	    1.00	     .01	   35.00	     .00	     .01	  100.00	  100.00	
 1398.625	    1.00	     .01	   35.00	     .00	     .01	  100.00	  100.00	
 1398.750	    1.00	     .01	   35.00	     .00	     .01	  100.00	  100.00	
 1398.875	    1.00	     .01	   35.00	     .00	     .01	  100.00	  100.00	
 1399.000	    1.00	     .01	   35.00	     .00	     .01	  100.00	  100.00	
 1399.125	    1.00	     .01	   35.00	     .00	     .01	  100.00	  100.00	
 1399.250	    1.00	     .01	   35.00	     .00	     .01	  100.00	  100.00	
 1399.375	    1.00	     .01	   35.00	     .00	     .01	  100.00	  100.00	
 1399.500	    1.00	     .01	   35.00	     .00	     .01	  100.00	  100.00	
 1399.625	    1.00	     .01	   35.00	     .00	     .01	  100.00	  100.00	
 1399.750	    1.00	     .01	   35.00	     .00	     .01	  100.00	  100.00	
 1399.875	    1.00	     .01	   35.00	     .00	     .01	  100.00	  100.00	
 1400.000	    1.00	     .01	   35.00	     .00	     .01	  100.00	  100.00	
 1400.125	    1.00	     .01	   35.00	     .00	     .01	  100.00	  100.00	
 1400.250	    1.00	     .01	   35.00	     .00	     .01	  100.00	  100.00	
 1400.375	    1.00	     .01	   35.00	     .00	     .01	  100.00	  100.00	
 1400.500	    1.00	     .01	   35.00	     .00	     .01	  100.00	  100.00	
 1400.625	    1.00	     .01	   35.00	     .00	     .01	  100.00	  100.00	
 1400.750	    1.00	     .01	   35.00	     .00	     .01	  100.00	  100.00	
 1400.875	    1.00	     .01	   35.00	     .00	     .01	  100.00	  100.00	
 1401.000	    1.00	     .01	   35.00	     .00	     .01	  100.00	  100.00	
 1401.125	    1.00	     .01	   35.00	     .00	     .01	  100.00	  100.00	
 1401.250	    1.00	     .01	   35.00	     .00	     .01	  100.00	  100.00	
 1401.375	    1.00	     .01	   35.00	     .00	     .01	  100.00	  100.00	
 1401.500	    1.00	     .01	   35.00	     .00	     .01	  100.00	  100.00	
 1401.625	    1.00	     .01	   35.00	     .00	     .01	  100.00	  100.00	
 1401.750	    1.00	     .01	   35.00	     .00	     .01	  100.00	  100.00	
 1401.875	    1.00	     .01	   35.00	     .00	     .01	  100.00	  100.00	
 1402.000	    1.00	     .01	   35.00	     .00	     .01	  100.00	  100.00	
 1402.125	    1.00	     .01	   35.00	     .00	     .01	  100.00	  100.00	
 1402.250	    1.00	     .01	   35.00	     .00	     .01	  100.00	  100.00	
 1402.375	    1.00	     .01	   35.00	     .00	     .01	  100.00	  100.00	
 1402.500	    1.00	     .01	   35.00	     .00	     .01	  100.00	  100.00	
 1402.625	    1.00	     .01	   35.00	     .00	     .01	  100.00	  100.00	
 1402.750	    1.00	     .01	   35.00	     .00	     .01	  100.00	  100.00	
 1402.875	    1.00	     .01	   35.00	     .00	     .01	  100.00	  100.00	
 1403.000	    1.00	     .01	   35.00	     .00	     .01	  100.00	  100.00	
 1403.125	    1.00	     .01	   35.00	     .00	     .01	  100.00	  100.00	
 1403.250	    1.00	     .01	   35.00	     .00	     .01	  100.00	  100.00	
 1403.375	    1.00	     .01	   35.00	     .00	     .01	  100.00	  100.00	
 1403.500	    1.00	     .01	   35.00	     .00	     .01	  100.00	  100.00	
 1403.625	    1.00	     .01	   35.00	     .00	     .01	  100.00	  100.00	
 1403.750	    1.00	     .01	   35.00	     .00	     .01	  100.00	  100.00	
 1403.875	    1.00	     .01	   35.00	     .00	     .01	  100.00	  100.00	
 1404.000	    1.00	     .01	   35.00	     .00	     .01	  100.00	  100.00	
 1404.125	    1.00	     .01	   35.00	     .00	     .01	  100.00	  100.00	
 1404.250	    1.00	     .01	   35.00	     .00	     .01	  100.00	  100.00	
 1404.375	    1.00	     .01	   35.00	     .00	     .01	  100.00	  100.00	
 1404.500	    1.00	     .01	   35.00	     .00	     .01	  100.00	  100.00	
 1404.625	    1.00	     .01	   35.00	     .00	     .01	  100.00	  100.00	
 1404.750	    1.00	     .01	   35.00	     .00	     .01	  100.00	  100.00	
 1404.875	    1.00	     .01	   35.00	     .00	     .01	  100.00	  100.00	
 1405.000	    1.00	     .01	   35.00	     .00	     .01	  100.00	  100.00	
 1405.125	    1.00	     .01	   35.00	     .00	     .01	  100.00	  100.00	
 1405.250	    1.00	     .01	   35.00	     .00	     .01	  100.00	  100.00	
 1405.375	    1.00	     .01	   35.00	     .00	     .01	  100.00	  100.00	
 1405.500	    1.00	     .01	   35.00	     .00	     .01	  100.00	  100.00	
 1405.625	    1.00	     .01	   35.00	     .00	     .01	  100.00	  100.00	
 1405.750	    1.00	     .01	   35.00	     .00	     .01	  100.00	  100.00	
 1405.875	    1.00	     .01	   35.00	     .00	     .01	  100.00	  100.00	
 1406.000	    1.00	     .01	   35.00	     .00	     .01	  100.00	  100.00	
 1406.125	    1.00	     .01	   35.00	     .00	     .01	  100.00	  100.00	
 1406.250	    1.00	     .01	   35.00	     .00	     .01	  100.00	  100.00	
 1406.375	    1.00	     .01	   35.00	     .00	     .01	  100.00	  100.00	
 1406.500	    1.00	     .01	   35.00	     .00	     .01	  100.00	  100.00	
 1406.625	    1.00	     .01	   35.00	     .00	     .01	  100.00	  100.00	
 1406.750	    1.00	     .01	   35.00	     .00	     .01	  100.00	  100.00	
 1406.875	    1.00	     .01	   35.00	     .00	     .01	  100.00	  100.00	
 1407.000	    1.00	     .01	   35.00	     .00	     .01	  100.00	  100.00	
 1407.125	    1.00	     .01	   35.00	     .00	     .01	  100.00	  100.00	
 1407.250	    1.00	     .01	   35.00	     .00	     .01	  100.00	  100.00	
 1407.375	    1.00	     .01	   35.00	     .00	     .01	  100.00	  100.00	
 1407.500	    1.00	     .01	   35.00	     .00	     .01	  100.00	  100.00	
 1407.625	    1.00	     .01	   35.00	     .00	     .01	  100.00	  100.00	
 1407.750	    1.00	     .01	   35.00	     .00	     .01	  100.00	  100.00	
 1407.875	    1.00	     .01	   35.00	     .00	     .01	  100.00	  100.00	
 1408.000	    1.00	     .01	   35.00	     .00	     .01	  100.00	  100.00	
 1408.125	    1.00	     .01	   35.00	     .00	     .01	  100.00	  100.00	
 1408.250	    1.00	     .01	   35.00	     .00	     .01	  100.00	  100.00	
 1408.375	    1.00	     .01	   35.00	     .00	     .01	  100.00	  100.00	
 1408.500	    1.00	     .01	   35.00	     .00	     .01	  100.00	  100.00	
 1408.625	    1.00	     .01	   35.00	     .00	     .01	  100.00	  100.00	
 1408.750	    1.00	     .01	   35.00	     .00	     .01	  100.00	  100.00	
 1408.875	    1.00	     .01	   35.00	     .00	     .01	  100.00	  100.00	
 1409.000	    1.00	     .01	   35.00	     .00	     .01	  100.00	  100.00	
 1409.125	    1.00	     .01	   35.00	     .00	     .01	  100.00	  100.00	
 1409.250	    1.00	     .01	   35.00	     .00	     .01	  100.00	  100.00	
 1409.375	    1.00	     .01	   35.00	     .00	     .01	  100.00	  100.00	
 1409.500	    1.00	     .01	   35.00	     .00	     .01	  100.00	  100.00	
 1409.625	    1.00	     .01	   35.00	     .00	     .01	  100.00	  100.00	
 1409.750	    1.00	     .01	   35.00	     .00	     .01	  100.00	  100.00	
 1409.875	    1.00	     .01	   35.00	     .00	     .01	  100.00	  100.00	
 1410.000	    1.00	     .01	   35.00	     .00	     .01	  100.00	  100.00	
 1410.125	    1.00	     .01	   35.00	     .00	     .01	  100.00	  100.00	
 1410.250	    1.00	     .01	   35.00	     .00	     .01	  100.00	  100.00	
 1410.375	    1.00	     .01	   35.00	     .00	     .01	  100.00	  100.00	
 1410.500	    1.00	     .01	   35.00	     .00	     .01	  100.00	  100.00	
 1410.625	    1.00	     .01	   35.00	     .00	     .01	  100.00	  100.00	
 1410.750	    1.00	     .01	   35.00	     .00	     .01	  100.00	  100.00	
 1410.875	    1.00	     .01	   35.00	     .00	     .01	  100.00	  100.00	
 1411.000	    1.00	     .01	   35.00	     .00	     .01	  100.00	  100.00	
 1411.125	    1.00	     .01	   35.00	     .00	     .01	  100.00	  100.00	
 1411.250	    1.00	     .01	   35.00	     .00	     .01	  100.00	  100.00	
 1411.375	    1.00	     .01	   35.00	     .00	     .01	  100.00	  100.00	
 1411.500	    1.00	     .01	   35.00	     .00	     .01	  100.00	  100.00	
 1411.625	    1.00	     .01	   35.00	     .00	     .01	  100.00	  100.00	
 1411.750	    1.00	     .01	   35.00	     .00	     .01	  100.00	  100.00	
 1411.875	    1.00	     .01	   35.00	     .00	     .01	  100.00	  100.00	
 1412.000	    1.00	     .01	   35.00	     .00	     .01	  100.00	  100.00	
 1412.125	    1.00	     .01	   35.00	     .00	     .01	  100.00	  100.00	
 1412.250	    1.00	     .01	   35.00	     .00	     .01	  100.00	  100.00	
 1412.375	    1.00	     .01	   35.00	     .00	     .01	  100.00	  100.00	
 1412.500	    1.00	     .01	   35.00	     .00	     .01	  100.00	  100.00	
 1412.625	    1.00	     .01	   35.00	     .00	     .01	  100.00	  100.00	
 1412.750	    1.00	     .01	   35.00	     .00	     .01	  100.00	  100.00	
 1412.875	    1.00	     .01	   35.00	     .00	     .01	  100.00	  100.00	
 1413.000	    1.00	     .01	   35.00	     .00	     .01	  100.00	  100.00	
 1413.125	    1.00	     .01	   35.00	     .00	     .01	  100.00	  100.00	
 1413.250	    1.00	     .01	   35.00	     .00	     .01	  100.00	  100.00	
 1413.375	    1.00	     .01	   35.00	     .00	     .01	  100.00	  100.00	
 1413.500	    1.00	     .01	   35.00	     .00	     .01	  100.00	  100.00	
 1413.625	    1.00	     .01	   35.00	     .00	     .01	  100.00	  100.00	
 1413.750	    1.00	     .01	   35.00	     .00	     .01	  100.00	  100.00	
 1413.875	    1.00	     .01	   35.00	     .00	     .01	  100.00	  100.00	
 1414.000	    1.00	     .01	   35.00	     .00	     .01	  100.00	  100.00	
 1414.125	    1.00	     .01	   35.00	     .00	     .01	  100.00	  100.00	
 1414.250	    1.00	     .01	   35.00	     .00	     .01	  100.00	  100.00	
 1414.375	    1.00	     .01	   35.00	     .00	     .01	  100.00	  100.00	
 1414.500	    1.00	     .01	   35.00	     .00	     .01	  100.00	  100.00	
 1414.625	    1.00	     .01	   35.00	     .00	     .01	  100.00	  100.00	
 1414.750	    1.00	     .01	   35.00	     .00	     .01	  100.00	  100.00	
 1414.875	    1.00	     .01	   35.00	     .00	     .01	  100.00	  100.00	
 1415.000	    1.00	     .01	   35.00	     .00	     .01	  100.00	  100.00	
 1415.125	    1.00	     .01	   35.00	     .00	     .01	  100.00	  100.00	
 1415.250	    1.00	     .01	   35.00	     .00	     .01	  100.00	  100.00	
 1415.375	    1.00	     .01	   35.00	     .00	     .01	  100.00	  100.00	
 1415.500	    1.00	     .01	   35.00	     .00	     .01	  100.00	  100.00	
 1415.625	    1.00	     .01	   35.00	     .00	     .01	  100.00	  100.00	
 1415.750	    1.00	     .01	   35.00	     .00	     .01	  100.00	  100.00	
 1415.875	    1.00	     .01	   35.00	     .00	     .01	  100.00	  100.00	
 1416.000	    1.00	     .01	   35.00	     .00	     .01	  100.00	  100.00	
 1416.125	    1.00	     .01	   35.00	     .00	     .01	  100.00	  100.00	
 1416.250	    1.00	     .01	   35.00	     .00	     .01	  100.00	  100.00	
 1416.375	    1.00	     .01	   35.00	     .00	     .01	  100.00	  100.00	
 1416.500	    1.00	     .01	   35.00	     .00	     .01	  100.00	  100.00	
 1416.625	    1.00	     .01	   35.00	     .00	     .01	  100.00	  100.00	
 1416.750	    1.00	     .01	   35.00	     .00	     .01	  100.00	  100.00	
 1416.875	    1.00	     .01	   35.00	     .00	     .01	  100.00	  100.00	
 1417.000	    1.00	     .01	   35.00	     .00	     .01	  100.00	  100.00	
 1417.125	    1.00	     .01	   35.00	     .00	     .01	  100.00	  100.00	
 1417.250	    1.00	     .01	   35.00	     .00	     .01	  100.00	  100.00	
 1417.375	    1.00	     .01	   35.00	     .00	     .01	  100.00	  100.00	
 1417.500	    1.00	     .01	   35.00	     .00	     .01	  100.00	  100.00	
 1417.625	    1.00	     .01	   35.00	     .00	     .01	  100.00	  100.00	
 1417.750	    1.00	     .01	   35.00	     .00	     .01	  100.00	  100.00	
 1417.875	    1.00	     .01	   35.00	     .00	     .01	  100.00	  100.00	
 1418.000	    1.00	     .01	   35.00	     .00	     .01	  100.00	  100.00	
 1418.125	    1.00	     .01	   35.00	     .00	     .01	  100.00	  100.00	
 1418.250	    1.00	     .01	   35.00	     .00	     .01	  100.00	  100.00	
 1418.375	    1.00	     .01	   35.00	     .00	     .01	  100.00	  100.00	
 1418.500	    1.00	     .01	   35.00	     .00	     .01	  100.00	  100.00	
 1418.625	    1.00	     .01	   35.00	     .00	     .01	  100.00	  100.00	
 1418.750	    1.00	     .01	   35.00	     .00	     .01	  100.00	  100.00	
 1418.875	    1.00	     .01	   35.00	     .00	     .01	  100.00	  100.00	
 1419.000	    1.00	     .01	   35.00	     .00	     .01	  100.00	  100.00	
 1419.125	    1.00	     .01	   35.00	     .00	     .01	  100.00	  100.00	
 1419.250	    1.00	     .01	   35.00	     .00	     .01	  100.00	  100.00	
 1419.375	    1.00	     .01	   35.00	     .00	     .01	  100.00	  100.00	
 1419.500	    1.00	     .01	   35.00	     .00	     .01	  100.00	  100.00	
 1419.625	    1.00	     .01	   35.00	     .00	     .01	  100.00	  100.00	
 1419.750	    1.00	     .01	   35.00	     .00	     .01	  100.00	  100.00	
 1419.875	    1.00	     .01	   35.00	     .00	     .01	  100.00	  100.00	
